<?xml version="1.0" encoding="UTF-8"?>
<testsuite name="Book hotel" tests="2" skipped="0" failures="0" errors="0" timestamp="2021-09-26T20:11:04" hostname="DESKTOP-O2HHO4S" time="73.897">
  <properties/>
  <testcase name="validate price filter" classname="Book hotel" time="39.87"/>
  <testcase name="Validate stars filter" classname="Book hotel" time="33.977"/>
  <system-out><![CDATA[]]></system-out>
  <system-err><![CDATA[sep 26, 2021 3:11:04 PM org.openqa.selenium.remote.DesiredCapabilities chrome
INFORMACIÓN: Using `new ChromeOptions()` is preferred to `DesiredCapabilities.chrome()`
Starting ChromeDriver 94.0.4606.41 (333e85df3c9b656b518b5f1add5ff246365b6c24-refs/branch-heads/4606@{#845}) on port 34314
Only local connections are allowed.
Please see https://chromedriver.chromium.org/security-considerations for suggestions on keeping ChromeDriver safe.
ChromeDriver was started successfully.
sep 26, 2021 3:11:08 PM org.openqa.selenium.remote.ProtocolHandshake createSession
INFORMACIÓN: Detected dialect: W3C
sep 26, 2021 3:11:44 PM org.openqa.selenium.remote.DesiredCapabilities chrome
INFORMACIÓN: Using `new ChromeOptions()` is preferred to `DesiredCapabilities.chrome()`
Starting ChromeDriver 94.0.4606.41 (333e85df3c9b656b518b5f1add5ff246365b6c24-refs/branch-heads/4606@{#845}) on port 41849
Only local connections are allowed.
Please see https://chromedriver.chromium.org/security-considerations for suggestions on keeping ChromeDriver safe.
ChromeDriver was started successfully.
sep 26, 2021 3:11:48 PM org.openqa.selenium.remote.ProtocolHandshake createSession
INFORMACIÓN: Detected dialect: W3C
]]></system-err>
</testsuite>
