<?xml version="1.0" encoding="UTF-8"?>
<testsuite name="Register on the booking website" tests="1" skipped="0" failures="0" errors="0" timestamp="2021-09-26T22:55:44" hostname="DESKTOP-O2HHO4S" time="21.848">
  <properties/>
  <testcase name="Successful Registration" classname="Register on the booking website" time="21.848"/>
  <system-out><![CDATA[]]></system-out>
  <system-err><![CDATA[[Test worker] INFO net.thucydides.core.steps.ConsoleLoggingListener - 
        __    _____ _____ ____ _____   ____   _    ____  ____  _____ ____  
  _     \ \  |_   _| ____/ ___|_   _| |  _ \ / \  / ___|/ ___|| ____|  _ \ 
 (_)_____| |   | | |  _| \___ \ | |   | |_) / _ \ \___ \\___ \|  _| | | | |
  _|_____| |   | | | |___ ___) || |   |  __/ ___ \ ___) |___) | |___| |_| |
 (_)     | |   |_| |_____|____/ |_|   |_| /_/   \_\____/|____/|_____|____/ 
        /_/                                                                

TEST PASSED: Successful Registration
----------------------------------------------------------------------------
]]></system-err>
</testsuite>
